[debug] [2018-08-08T23:54:56.946Z] ----------------------------------------------------------------------
[debug] [2018-08-08T23:54:56.949Z] Command:       /usr/bin/node /usr/bin/firebase deploy -m Added back localstorage for quick login
[debug] [2018-08-08T23:54:56.950Z] CLI Version:   4.0.3
[debug] [2018-08-08T23:54:56.950Z] Platform:      linux
[debug] [2018-08-08T23:54:56.950Z] Node Version:  v10.8.0
[debug] [2018-08-08T23:54:57.344Z] Time:          Wed Aug 08 2018 18:54:56 GMT-0500 (GMT-05:00)
[debug] [2018-08-08T23:54:57.344Z] ----------------------------------------------------------------------
[debug] 
[debug] [2018-08-08T23:54:57.361Z] > command requires scopes: ["email","openid","https://www.googleapis.com/auth/cloudplatformprojects.readonly","https://www.googleapis.com/auth/firebase","https://www.googleapis.com/auth/cloud-platform"]
[debug] [2018-08-08T23:54:57.362Z] > authorizing via signed-in user
[debug] [2018-08-08T23:54:57.365Z] >>> HTTP REQUEST GET https://admin.firebase.com/v1/projects/chat-31768  
  
 Wed Aug 08 2018 18:54:57 GMT-0500 (GMT-05:00)
[debug] [2018-08-08T23:54:57.697Z] <<< HTTP RESPONSE 200
[debug] [2018-08-08T23:54:57.699Z] >>> HTTP REQUEST GET https://admin.firebase.com/v1/database/chat-31768/tokens  
  
 Wed Aug 08 2018 18:54:57 GMT-0500 (GMT-05:00)
[debug] [2018-08-08T23:54:58.037Z] <<< HTTP RESPONSE 200
[info] 
[info] === Deploying to 'chat-31768'...
[info] 
[info] i  deploying hosting
[info] i  hosting: preparing build directory for upload...
[debug] [2018-08-08T23:54:58.491Z] >>> HTTP REQUEST PUT https://deploy.firebase.com/v1/hosting/chat-31768/uploads/-LJQxj7JwPTttepkymaE?fileCount=7&message=Added%20back%20localstorage%20for%20quick%20login  
  
 Wed Aug 08 2018 18:54:58 GMT-0500 (GMT-05:00)
[debug] [2018-08-08T23:54:59.298Z] <<< HTTP RESPONSE 200
[debug] [2018-08-08T23:54:59.299Z] [hosting] .tgz uploaded successfully, waiting for extraction
[info] ✔  hosting: 7 files uploaded successfully
[debug] [2018-08-08T23:54:59.978Z] [hosting] deploy completed after 1634ms
[debug] [2018-08-08T23:55:01.015Z] >>> HTTP REQUEST POST https://deploy.firebase.com/v1/projects/chat-31768/releases  
 { hosting:
   { public: 'build',
     ignore: [ 'firebase.json', '**/.*', '**/node_modules/**' ],
     rewrites: [ [Object] ],
     version: '-LJQxj7JwPTttepkymaE',
     prefix: '-LJQxj7JwPTttepkymaE/',
     manifest: [] } } 
 Wed Aug 08 2018 18:55:01 GMT-0500 (GMT-05:00)
